desc: --pages-as-heap=yes --massif-out-file=massif.out
cmd: bin/senergy-dns
time_unit: i
#-----------
snapshot=0
#-----------
time=0
mem_heap_B=57344
mem_heap_extra_B=0
mem_stacks_B=0
heap_tree=empty
#-----------
snapshot=1
#-----------
time=0
mem_heap_B=61440
mem_heap_extra_B=0
mem_stacks_B=0
heap_tree=empty
#-----------
snapshot=2
#-----------
time=0
mem_heap_B=204800
mem_heap_extra_B=0
mem_stacks_B=0
heap_tree=empty
#-----------
snapshot=3
#-----------
time=0
mem_heap_B=217088
mem_heap_extra_B=0
mem_stacks_B=0
heap_tree=empty
#-----------
snapshot=4
#-----------
time=0
mem_heap_B=221184
mem_heap_extra_B=0
mem_stacks_B=0
heap_tree=empty
#-----------
snapshot=5
#-----------
time=0
mem_heap_B=225280
mem_heap_extra_B=0
mem_stacks_B=0
heap_tree=empty
#-----------
snapshot=6
#-----------
time=0
mem_heap_B=233472
mem_heap_extra_B=0
mem_stacks_B=0
heap_tree=empty
#-----------
snapshot=7
#-----------
time=0
mem_heap_B=237568
mem_heap_extra_B=0
mem_stacks_B=0
heap_tree=empty
#-----------
snapshot=8
#-----------
time=0
mem_heap_B=237568
mem_heap_extra_B=0
mem_stacks_B=0
heap_tree=empty
#-----------
snapshot=9
#-----------
time=3310
mem_heap_B=245760
mem_heap_extra_B=0
mem_stacks_B=0
heap_tree=detailed
n2: 245760 (page allocation syscalls) mmap/mremap/brk, --alloc-fns, etc.
 n0: 237568 0xFFFFFFFFFFFFFFFF: ???
 n1: 8192 0x40189B9: mmap (syscall-template.S:81)
  n1: 8192 0x4016DEF: __libc_memalign (dl-minimal.c:77)
   n1: 8192 0x4008339: _dl_init_paths (dl-load.c:745)
    n1: 8192 0x4003426: dl_main (rtld.c:1349)
     n1: 8192 0x401678C: _dl_sysdep_start (dl-sysdep.c:241)
      n1: 8192 0x4005206: _dl_start (rtld.c:337)
       n0: 8192 0x4001636: ??? (in /lib/x86_64-linux-gnu/ld-2.17.so)
#-----------
snapshot=10
#-----------
time=7434
mem_heap_B=2351104
mem_heap_extra_B=0
mem_stacks_B=0
heap_tree=empty
#-----------
snapshot=11
#-----------
time=7516
mem_heap_B=2359296
mem_heap_extra_B=0
mem_stacks_B=0
heap_tree=empty
#-----------
snapshot=12
#-----------
time=10947
mem_heap_B=2498560
mem_heap_extra_B=0
mem_stacks_B=0
heap_tree=empty
#-----------
snapshot=13
#-----------
time=14001
mem_heap_B=5660672
mem_heap_extra_B=0
mem_stacks_B=0
heap_tree=empty
#-----------
snapshot=14
#-----------
time=14083
mem_heap_B=5701632
mem_heap_extra_B=0
mem_stacks_B=0
heap_tree=empty
#-----------
snapshot=15
#-----------
time=14487
mem_heap_B=5787648
mem_heap_extra_B=0
mem_stacks_B=0
heap_tree=empty
#-----------
snapshot=16
#-----------
time=17961
mem_heap_B=5791744
mem_heap_extra_B=0
mem_stacks_B=0
heap_tree=empty
#-----------
snapshot=17
#-----------
time=18569
mem_heap_B=8953856
mem_heap_extra_B=0
mem_stacks_B=0
heap_tree=empty
#-----------
snapshot=18
#-----------
time=18630
mem_heap_B=8962048
mem_heap_extra_B=0
mem_stacks_B=0
heap_tree=empty
#-----------
snapshot=19
#-----------
time=22871
mem_heap_B=11149312
mem_heap_extra_B=0
mem_stacks_B=0
heap_tree=detailed
n2: 11149312 (page allocation syscalls) mmap/mremap/brk, --alloc-fns, etc.
 n3: 10911744 0x40189B9: mmap (syscall-template.S:81)
  n1: 10616832 0x4006E37: _dl_map_object_from_fd (dl-load.c:1287)
   n2: 10616832 0x4008943: _dl_map_object (dl-load.c:2606)
    n1: 8511488 0x400CD40: openaux (dl-deps.c:63)
     n1: 8511488 0x400F6E4: _dl_catch_error (dl-error.c:177)
      n1: 8511488 0x400D417: _dl_map_object_deps (dl-deps.c:256)
       n1: 8511488 0x4003689: dl_main (rtld.c:1744)
        n1: 8511488 0x401678C: _dl_sysdep_start (dl-sysdep.c:241)
         n1: 8511488 0x4005206: _dl_start (rtld.c:337)
          n0: 8511488 0x4001636: ??? (in /lib/x86_64-linux-gnu/ld-2.17.so)
    n1: 2105344 0x400181C: map_doit (rtld.c:632)
     n1: 2105344 0x400F6E4: _dl_catch_error (dl-error.c:177)
      n1: 2105344 0x4001085: do_preload (rtld.c:821)
       n1: 2105344 0x4003AC0: dl_main (rtld.c:1635)
        n1: 2105344 0x401678C: _dl_sysdep_start (dl-sysdep.c:241)
         n1: 2105344 0x4005206: _dl_start (rtld.c:337)
          n0: 2105344 0x4001636: ??? (in /lib/x86_64-linux-gnu/ld-2.17.so)
  n0: 155648 in 3 places, all below massif's threshold (01.00%)
  n1: 139264 0x401088B: _dl_sysdep_read_whole_file (dl-misc.c:60)
   n1: 139264 0x401612A: _dl_load_cache_lookup (dl-cache.c:196)
    n1: 139264 0x4008BBF: _dl_map_object (dl-load.c:2463)
     n1: 139264 0x400CD40: openaux (dl-deps.c:63)
      n1: 139264 0x400F6E4: _dl_catch_error (dl-error.c:177)
       n1: 139264 0x400D417: _dl_map_object_deps (dl-deps.c:256)
        n1: 139264 0x4003689: dl_main (rtld.c:1744)
         n1: 139264 0x401678C: _dl_sysdep_start (dl-sysdep.c:241)
          n1: 139264 0x4005206: _dl_start (rtld.c:337)
           n0: 139264 0x4001636: ??? (in /lib/x86_64-linux-gnu/ld-2.17.so)
 n0: 237568 0xFFFFFFFFFFFFFFFF: ???
#-----------
snapshot=20
#-----------
time=22953
mem_heap_B=11153408
mem_heap_extra_B=0
mem_stacks_B=0
heap_tree=empty
#-----------
snapshot=21
#-----------
time=27273
mem_heap_B=15118336
mem_heap_extra_B=0
mem_stacks_B=0
heap_tree=empty
#-----------
snapshot=22
#-----------
time=27334
mem_heap_B=15142912
mem_heap_extra_B=0
mem_stacks_B=0
heap_tree=empty
#-----------
snapshot=23
#-----------
time=27709
mem_heap_B=15163392
mem_heap_extra_B=0
mem_stacks_B=0
heap_tree=empty
#-----------
snapshot=24
#-----------
time=39785
mem_heap_B=15167488
mem_heap_extra_B=0
mem_stacks_B=0
heap_tree=empty
#-----------
snapshot=25
#-----------
time=49782
mem_heap_B=15175680
mem_heap_extra_B=0
mem_stacks_B=0
heap_tree=empty
#-----------
snapshot=26
#-----------
time=1202408
mem_heap_B=15179776
mem_heap_extra_B=0
mem_stacks_B=0
heap_tree=empty
#-----------
snapshot=27
#-----------
time=1252159
mem_heap_B=15044608
mem_heap_extra_B=0
mem_stacks_B=0
heap_tree=peak
n2: 15044608 (page allocation syscalls) mmap/mremap/brk, --alloc-fns, etc.
 n2: 14807040 0x40189B9: mmap (syscall-template.S:81)
  n1: 14581760 0x4006E37: _dl_map_object_from_fd (dl-load.c:1287)
   n2: 14581760 0x4008943: _dl_map_object (dl-load.c:2606)
    n1: 12476416 0x400CD40: openaux (dl-deps.c:63)
     n1: 12476416 0x400F6E4: _dl_catch_error (dl-error.c:177)
      n1: 12476416 0x400D417: _dl_map_object_deps (dl-deps.c:256)
       n1: 12476416 0x4003689: dl_main (rtld.c:1744)
        n1: 12476416 0x401678C: _dl_sysdep_start (dl-sysdep.c:241)
         n1: 12476416 0x4005206: _dl_start (rtld.c:337)
          n0: 12476416 0x4001636: ??? (in /lib/x86_64-linux-gnu/ld-2.17.so)
    n1: 2105344 0x400181C: map_doit (rtld.c:632)
     n1: 2105344 0x400F6E4: _dl_catch_error (dl-error.c:177)
      n1: 2105344 0x4001085: do_preload (rtld.c:821)
       n1: 2105344 0x4003AC0: dl_main (rtld.c:1635)
        n1: 2105344 0x401678C: _dl_sysdep_start (dl-sysdep.c:241)
         n1: 2105344 0x4005206: _dl_start (rtld.c:337)
          n0: 2105344 0x4001636: ??? (in /lib/x86_64-linux-gnu/ld-2.17.so)
  n0: 225280 in 4 places, all below massif's threshold (01.00%)
 n0: 237568 0xFFFFFFFFFFFFFFFF: ???
#-----------
snapshot=28
#-----------
time=1252159
mem_heap_B=15040512
mem_heap_extra_B=0
mem_stacks_B=0
heap_tree=empty
#-----------
snapshot=29
#-----------
time=1326800
mem_heap_B=15175680
mem_heap_extra_B=0
mem_stacks_B=0
heap_tree=empty
#-----------
snapshot=30
#-----------
time=1470873
mem_heap_B=15179776
mem_heap_extra_B=0
mem_stacks_B=0
heap_tree=empty
#-----------
snapshot=31
#-----------
time=1541975
mem_heap_B=15175680
mem_heap_extra_B=0
mem_stacks_B=0
heap_tree=empty
#-----------
snapshot=32
#-----------
time=1586589
mem_heap_B=15179776
mem_heap_extra_B=0
mem_stacks_B=0
heap_tree=empty
#-----------
snapshot=33
#-----------
time=1615931
mem_heap_B=15183872
mem_heap_extra_B=0
mem_stacks_B=0
heap_tree=empty
#-----------
snapshot=34
#-----------
time=1684665
mem_heap_B=15179776
mem_heap_extra_B=0
mem_stacks_B=0
heap_tree=empty
#-----------
snapshot=35
#-----------
time=1736938
mem_heap_B=15183872
mem_heap_extra_B=0
mem_stacks_B=0
heap_tree=empty
#-----------
snapshot=36
#-----------
time=1805672
mem_heap_B=15179776
mem_heap_extra_B=0
mem_stacks_B=0
heap_tree=empty
#-----------
snapshot=37
#-----------
time=1858791
mem_heap_B=15183872
mem_heap_extra_B=0
mem_stacks_B=0
heap_tree=detailed
n3: 15183872 (page allocation syscalls) mmap/mremap/brk, --alloc-fns, etc.
 n2: 14802944 0x40189B9: mmap (syscall-template.S:81)
  n1: 14581760 0x4006E37: _dl_map_object_from_fd (dl-load.c:1287)
   n2: 14581760 0x4008943: _dl_map_object (dl-load.c:2606)
    n1: 12476416 0x400CD40: openaux (dl-deps.c:63)
     n1: 12476416 0x400F6E4: _dl_catch_error (dl-error.c:177)
      n1: 12476416 0x400D417: _dl_map_object_deps (dl-deps.c:256)
       n1: 12476416 0x4003689: dl_main (rtld.c:1744)
        n1: 12476416 0x401678C: _dl_sysdep_start (dl-sysdep.c:241)
         n1: 12476416 0x4005206: _dl_start (rtld.c:337)
          n0: 12476416 0x4001636: ??? (in /lib/x86_64-linux-gnu/ld-2.17.so)
    n1: 2105344 0x400181C: map_doit (rtld.c:632)
     n1: 2105344 0x400F6E4: _dl_catch_error (dl-error.c:177)
      n1: 2105344 0x4001085: do_preload (rtld.c:821)
       n1: 2105344 0x4003AC0: dl_main (rtld.c:1635)
        n1: 2105344 0x401678C: _dl_sysdep_start (dl-sysdep.c:241)
         n1: 2105344 0x4005206: _dl_start (rtld.c:337)
          n0: 2105344 0x4001636: ??? (in /lib/x86_64-linux-gnu/ld-2.17.so)
  n0: 221184 in 4 places, all below massif's threshold (01.00%)
 n0: 237568 0xFFFFFFFFFFFFFFFF: ???
 n0: 143360 in 2 places, all below massif's threshold (01.00%)
#-----------
snapshot=38
#-----------
time=1927537
mem_heap_B=15179776
mem_heap_extra_B=0
mem_stacks_B=0
heap_tree=empty
#-----------
snapshot=39
#-----------
time=1980548
mem_heap_B=15183872
mem_heap_extra_B=0
mem_stacks_B=0
heap_tree=empty
#-----------
snapshot=40
#-----------
time=2049287
mem_heap_B=15179776
mem_heap_extra_B=0
mem_stacks_B=0
heap_tree=empty
#-----------
snapshot=41
#-----------
time=2103091
mem_heap_B=15175680
mem_heap_extra_B=0
mem_stacks_B=0
heap_tree=empty
